# JRE version: Java(TM) SE Runtime Environment (8.0_201-b09) (build 1.8.0_201-b09)
# Java VM: Java HotSpot(TM) 64-Bit Server VM (25.201-b09 mixed mode bsd-amd64 compressed oops)
Heap:
 PSYoungGen      total 326144K, used 58246K [0x0000000780000000, 0x00000007a0300000, 0x00000007c0000000)
  eden space 313344K, 18% used [0x0000000780000000,0x00000007838e1ad8,0x0000000793200000)
  from space 12800K, 0% used [0x0000000793200000,0x0000000793200000,0x0000000793e80000)
  to   space 12800K, 0% used [0x000000079f680000,0x000000079f680000,0x00000007a0300000)
 ParOldGen       total 96256K, used 21861K [0x0000000700000000, 0x0000000705e00000, 0x0000000780000000)
  object space 96256K, 22% used [0x0000000700000000,0x0000000701559400,0x0000000705e00000)
 Metaspace       used 21547K, capacity 21920K, committed 22016K, reserved 1069056K
  class space    used 2434K, capacity 2519K, committed 2560K, reserved 1048576K
GC Heap History (10 events):
Event: 4.944 GC heap before
{Heap before GC invocations=8 (full 0):
 PSYoungGen      total 109568K, used 107747K [0x0000000780000000, 0x000000078d800000, 0x00000007c0000000)
  eden space 97792K, 100% used [0x0000000780000000,0x0000000785f80000,0x0000000785f80000)
  from space 11776K, 84% used [0x0000000785f80000,0x0000000786938ca0,0x0000000786b00000)
  to   space 12800K, 0% used [0x000000078cb80000,0x000000078cb80000,0x000000078d800000)
 ParOldGen       total 131072K, used 4228K [0x0000000700000000, 0x0000000708000000, 0x0000000780000000)
  object space 131072K, 3% used [0x0000000700000000,0x0000000700421330,0x0000000708000000)
 Metaspace       used 11402K, capacity 11522K, committed 11776K, reserved 1060864K
  class space    used 1228K, capacity 1242K, committed 1280K, reserved 1048576K
Event: 4.955 GC heap after
Heap after GC invocations=8 (full 0):
 PSYoungGen      total 208384K, used 8625K [0x0000000780000000, 0x000000078d800000, 0x00000007c0000000)
  eden space 195584K, 0% used [0x0000000780000000,0x0000000780000000,0x000000078bf00000)
  from space 12800K, 67% used [0x000000078cb80000,0x000000078d3ec658,0x000000078d800000)
  to   space 12800K, 0% used [0x000000078bf00000,0x000000078bf00000,0x000000078cb80000)
 ParOldGen       total 131072K, used 8333K [0x0000000700000000, 0x0000000708000000, 0x0000000780000000)
  object space 131072K, 6% used [0x0000000700000000,0x00000007008235f0,0x0000000708000000)
 Metaspace       used 11402K, capacity 11522K, committed 11776K, reserved 1060864K
  class space    used 1228K, capacity 1242K, committed 1280K, reserved 1048576K
}
Event: 5.865 GC heap before
{Heap before GC invocations=9 (full 0):
 PSYoungGen      total 208384K, used 204209K [0x0000000780000000, 0x000000078d800000, 0x00000007c0000000)
  eden space 195584K, 100% used [0x0000000780000000,0x000000078bf00000,0x000000078bf00000)
  from space 12800K, 67% used [0x000000078cb80000,0x000000078d3ec658,0x000000078d800000)
  to   space 12800K, 0% used [0x000000078bf00000,0x000000078bf00000,0x000000078cb80000)
 ParOldGen       total 131072K, used 8333K [0x0000000700000000, 0x0000000708000000, 0x0000000780000000)
  object space 131072K, 6% used [0x0000000700000000,0x00000007008235f0,0x0000000708000000)
 Metaspace       used 13896K, capacity 14018K, committed 14080K, reserved 1062912K
  class space    used 1472K, capacity 1498K, committed 1536K, reserved 1048576K
Event: 5.875 GC heap after
Heap after GC invocations=9 (full 0):
 PSYoungGen      total 208384K, used 9884K [0x0000000780000000, 0x0000000794c00000, 0x00000007c0000000)
  eden space 195584K, 0% used [0x0000000780000000,0x0000000780000000,0x000000078bf00000)
  from space 12800K, 77% used [0x000000078bf00000,0x000000078c8a73a0,0x000000078cb80000)
  to   space 13312K, 0% used [0x0000000793f00000,0x0000000793f00000,0x0000000794c00000)
 ParOldGen       total 131072K, used 9560K [0x0000000700000000, 0x0000000708000000, 0x0000000780000000)
  object space 131072K, 7% used [0x0000000700000000,0x0000000700956208,0x0000000708000000)
 Metaspace       used 13896K, capacity 14018K, committed 14080K, reserved 1062912K
  class space    used 1472K, capacity 1498K, committed 1536K, reserved 1048576K
}
Event: 6.644 GC heap before
{Heap before GC invocations=10 (full 0):
 PSYoungGen      total 208384K, used 205468K [0x0000000780000000, 0x0000000794c00000, 0x00000007c0000000)
  eden space 195584K, 100% used [0x0000000780000000,0x000000078bf00000,0x000000078bf00000)
  from space 12800K, 77% used [0x000000078bf00000,0x000000078c8a73a0,0x000000078cb80000)
  to   space 13312K, 0% used [0x0000000793f00000,0x0000000793f00000,0x0000000794c00000)
 ParOldGen       total 131072K, used 9560K [0x0000000700000000, 0x0000000708000000, 0x0000000780000000)
  object space 131072K, 7% used [0x0000000700000000,0x0000000700956208,0x0000000708000000)
 Metaspace       used 18178K, capacity 18446K, committed 18816K, reserved 1067008K
  class space    used 1992K, capacity 2088K, committed 2176K, reserved 1048576K
Event: 6.655 GC heap after
Heap after GC invocations=10 (full 0):
 PSYoungGen      total 325632K, used 6979K [0x0000000780000000, 0x0000000794b00000, 0x00000007c0000000)
  eden space 313344K, 0% used [0x0000000780000000,0x0000000780000000,0x0000000793200000)
  from space 12288K, 56% used [0x0000000793f00000,0x00000007945d0ec8,0x0000000794b00000)
  to   space 12800K, 0% used [0x0000000793200000,0x0000000793200000,0x0000000793e80000)
 ParOldGen       total 131072K, used 13522K [0x0000000700000000, 0x0000000708000000, 0x0000000780000000)
  object space 131072K, 10% used [0x0000000700000000,0x0000000700d34958,0x0000000708000000)
 Metaspace       used 18178K, capacity 18446K, committed 18816K, reserved 1067008K
  class space    used 1992K, capacity 2088K, committed 2176K, reserved 1048576K
}
Event: 7.399 GC heap before
{Heap before GC invocations=11 (full 0):
 PSYoungGen      total 325632K, used 201053K [0x0000000780000000, 0x0000000794b00000, 0x00000007c0000000)
  eden space 313344K, 61% used [0x0000000780000000,0x000000078bd86580,0x0000000793200000)
  from space 12288K, 56% used [0x0000000793f00000,0x00000007945d0ec8,0x0000000794b00000)
  to   space 12800K, 0% used [0x0000000793200000,0x0000000793200000,0x0000000793e80000)
 ParOldGen       total 131072K, used 13522K [0x0000000700000000, 0x0000000708000000, 0x0000000780000000)
  object space 131072K, 10% used [0x0000000700000000,0x0000000700d34958,0x0000000708000000)
 Metaspace       used 20802K, capacity 20996K, committed 21248K, reserved 1069056K
  class space    used 2369K, capacity 2445K, committed 2560K, reserved 1048576K
Event: 7.408 GC heap after
Heap after GC invocations=11 (full 0):
 PSYoungGen      total 326144K, used 5829K [0x0000000780000000, 0x00000007a0300000, 0x00000007c0000000)
  eden space 313344K, 0% used [0x0000000780000000,0x0000000780000000,0x0000000793200000)
  from space 12800K, 45% used [0x0000000793200000,0x00000007937b1738,0x0000000793e80000)
  to   space 12800K, 0% used [0x000000079f680000,0x000000079f680000,0x00000007a0300000)
 ParOldGen       total 131072K, used 17262K [0x0000000700000000, 0x0000000708000000, 0x0000000780000000)
  object space 131072K, 13% used [0x0000000700000000,0x00000007010dba28,0x0000000708000000)
 Metaspace       used 20802K, capacity 20996K, committed 21248K, reserved 1069056K
  class space    used 2369K, capacity 2445K, committed 2560K, reserved 1048576K
}
Event: 7.408 GC heap before
{Heap before GC invocations=12 (full 1):
 PSYoungGen      total 326144K, used 5829K [0x0000000780000000, 0x00000007a0300000, 0x00000007c0000000)
  eden space 313344K, 0% used [0x0000000780000000,0x0000000780000000,0x0000000793200000)
  from space 12800K, 45% used [0x0000000793200000,0x00000007937b1738,0x0000000793e80000)
  to   space 12800K, 0% used [0x000000079f680000,0x000000079f680000,0x00000007a0300000)
 ParOldGen       total 131072K, used 17262K [0x0000000700000000, 0x0000000708000000, 0x0000000780000000)
  object space 131072K, 13% used [0x0000000700000000,0x00000007010dba28,0x0000000708000000)
 Metaspace       used 20802K, capacity 20996K, committed 21248K, reserved 1069056K
  class space    used 2369K, capacity 2445K, committed 2560K, reserved 1048576K
Event: 7.490 GC heap after
Heap after GC invocations=12 (full 1):
 PSYoungGen      total 326144K, used 0K [0x0000000780000000, 0x00000007a0300000, 0x00000007c0000000)
  eden space 313344K, 0% used [0x0000000780000000,0x0000000780000000,0x0000000793200000)
  from space 12800K, 0% used [0x0000000793200000,0x0000000793200000,0x0000000793e80000)
  to   space 12800K, 0% used [0x000000079f680000,0x000000079f680000,0x00000007a0300000)
 ParOldGen       total 96256K, used 21861K [0x0000000700000000, 0x0000000705e00000, 0x0000000780000000)
  object space 96256K, 22% used [0x0000000700000000,0x0000000701559400,0x0000000705e00000)
 Metaspace       used 20802K, capacity 20996K, committed 21248K, reserved 1069056K
  class space    used 2369K, capacity 2445K, committed 2560K, reserved 1048576K
}

